\BOOKMARK [0][]{Doc-Start}{\376\377\000A\000b\000s\000t\000r\000a\000c\000t}{}% 1
\BOOKMARK [0][]{Doc-Start}{\376\377\000D\000e\000d\000i\000c\000a\000t\000i\000o\000n}{}% 2
\BOOKMARK [0][]{Doc-Start}{\376\377\000A\000c\000k\000n\000o\000w\000l\000e\000d\000g\000e\000m\000e\000n\000t\000s}{}% 3
\BOOKMARK [0][]{section*.1}{\376\377\000T\000a\000b\000l\000e\000\040\000o\000f\000\040\000C\000o\000n\000t\000e\000n\000t\000s}{}% 4
\BOOKMARK [0][]{section*.2}{\376\377\000L\000i\000s\000t\000\040\000o\000f\000\040\000T\000a\000b\000l\000e\000s}{}% 5
\BOOKMARK [0][]{section*.3}{\376\377\000L\000i\000s\000t\000\040\000o\000f\000\040\000F\000i\000g\000u\000r\000e\000s}{}% 6
\BOOKMARK [0][]{section*.3}{\376\377\000L\000i\000s\000t\000\040\000o\000f\000\040\000A\000p\000p\000e\000n\000d\000i\000c\000e\000s}{}% 7
\BOOKMARK [0][]{chapter.1}{\376\377\000I\000n\000t\000r\000o\000d\000u\000c\000t\000i\000o\000n}{}% 8
\BOOKMARK [1][]{section.1.1}{\376\377\000T\000h\000e\000\040\000N\000e\000e\000d\000\040\000t\000o\000\040\000C\000o\000n\000d\000u\000c\000t\000\040\000L\000o\000n\000g\000i\000t\000u\000d\000i\000n\000a\000l\000\040\000R\000e\000s\000e\000a\000r\000c\000h}{chapter.1}% 9
\BOOKMARK [1][]{section.1.2}{\376\377\000U\000n\000d\000e\000r\000s\000t\000a\000n\000d\000i\000n\000g\000\040\000P\000a\000t\000t\000e\000r\000n\000s\000\040\000o\000f\000\040\000C\000h\000a\000n\000g\000e\000\040\000T\000h\000a\000t\000\040\000E\000m\000e\000r\000g\000e\000\040\000O\000v\000e\000r\000\040\000T\000i\000m\000e}{chapter.1}% 10
\BOOKMARK [1][]{section.1.3}{\376\377\000C\000h\000a\000l\000l\000e\000n\000g\000e\000s\000\040\000I\000n\000v\000o\000l\000v\000e\000d\000\040\000i\000n\000\040\000C\000o\000n\000d\000u\000c\000t\000i\000n\000g\000\040\000L\000o\000n\000g\000i\000t\000u\000d\000i\000n\000a\000l\000\040\000R\000e\000s\000e\000a\000r\000c\000h}{chapter.1}% 11
\BOOKMARK [2][]{subsection.1.3.1}{\376\377\000N\000u\000m\000b\000e\000r\000\040\000o\000f\000\040\000M\000e\000a\000s\000u\000r\000e\000m\000e\000n\000t\000s}{section.1.3}% 12
\BOOKMARK [2][]{subsection.1.3.2}{\376\377\000S\000p\000a\000c\000i\000n\000g\000\040\000o\000f\000\040\000M\000e\000a\000s\000u\000r\000e\000m\000e\000n\000t\000s}{section.1.3}% 13
\BOOKMARK [2][]{subsection.1.3.3}{\376\377\000T\000i\000m\000e\000\040\000S\000t\000r\000u\000c\000t\000u\000r\000e\000d\000n\000e\000s\000s}{section.1.3}% 14
\BOOKMARK [3][]{subsubsection.1.3.3.1}{\376\377\000T\000i\000m\000e\000-\000S\000t\000r\000u\000c\000t\000u\000r\000e\000d\000\040\000D\000a\000t\000a}{subsection.1.3.3}% 15
\BOOKMARK [3][]{subsubsection.1.3.3.2}{\376\377\000T\000i\000m\000e\000-\000U\000n\000s\000t\000r\000u\000c\000t\000u\000r\000e\000d\000\040\000D\000a\000t\000a}{subsection.1.3.3}% 16
\BOOKMARK [2][]{subsection.1.3.4}{\376\377\000S\000u\000m\000m\000a\000r\000y}{section.1.3}% 17
\BOOKMARK [1][]{section.1.4}{\376\377\000U\000s\000i\000n\000g\000\040\000S\000i\000m\000u\000l\000a\000t\000i\000o\000n\000s\000\040\000T\000o\000\040\000A\000s\000s\000e\000s\000s\000\040\000M\000o\000d\000e\000l\000l\000i\000n\000g\000\040\000A\000c\000c\000u\000r\000a\000c\000y}{chapter.1}% 18
\BOOKMARK [1][]{section.1.5}{\376\377\000S\000y\000s\000t\000e\000m\000a\000t\000i\000c\000\040\000R\000e\000v\000i\000e\000w\000\040\000o\000f\000\040\000S\000i\000m\000u\000l\000a\000t\000i\000o\000n\000\040\000L\000i\000t\000e\000r\000a\000t\000u\000r\000e}{chapter.1}% 19
\BOOKMARK [2][]{subsection.1.5.1}{\376\377\000S\000y\000s\000t\000e\000m\000a\000t\000i\000c\000\040\000R\000e\000v\000i\000e\000w\000\040\000M\000e\000t\000h\000o\000d\000o\000l\000o\000g\000y}{section.1.5}% 20
\BOOKMARK [2][]{subsection.1.5.2}{\376\377\000S\000y\000s\000t\000e\000m\000a\000t\000i\000c\000\040\000R\000e\000v\000i\000e\000w\000\040\000R\000e\000s\000u\000l\000t\000s}{section.1.5}% 21
\BOOKMARK [2][]{subsection.1.5.3}{\376\377\000N\000e\000x\000t\000\040\000S\000t\000e\000p\000s}{section.1.5}% 22
\BOOKMARK [1][]{section.1.6}{\376\377\000M\000e\000t\000h\000o\000d\000s\000\040\000o\000f\000\040\000M\000o\000d\000e\000l\000l\000i\000n\000g\000\040\000N\000o\000n\000l\000i\000n\000e\000a\000r\000\040\000P\000a\000t\000t\000e\000r\000n\000s\000\040\000o\000f\000\040\000C\000h\000a\000n\000g\000e\000\040\000O\000v\000e\000r\000\040\000T\000i\000m\000e}{chapter.1}% 23
\BOOKMARK [1][]{section.1.7}{\376\377\000O\000v\000e\000r\000v\000i\000e\000w\000\040\000o\000f\000\040\000S\000i\000m\000u\000l\000a\000t\000i\000o\000n\000\040\000E\000x\000p\000e\000r\000i\000m\000e\000n\000t\000s}{chapter.1}% 24
\BOOKMARK [0][]{chapter.2}{\376\377\000E\000x\000p\000e\000r\000i\000m\000e\000n\000t\000\040\0001}{}% 25
\BOOKMARK [1][]{section.2.1}{\376\377\000M\000e\000t\000h\000o\000d\000s}{chapter.2}% 26
\BOOKMARK [2][]{subsection.2.1.1}{\376\377\000V\000a\000r\000i\000a\000b\000l\000e\000s\000\040\000U\000s\000e\000d\000\040\000i\000n\000\040\000S\000i\000m\000u\000l\000a\000t\000i\000o\000n\000\040\000E\000x\000p\000e\000r\000i\000m\000e\000n\000t}{section.2.1}% 27
\BOOKMARK [3][]{subsubsection.2.1.1.1}{\376\377\000I\000n\000d\000e\000p\000e\000n\000d\000e\000n\000t\000\040\000V\000a\000r\000i\000a\000b\000l\000e\000s}{subsection.2.1.1}% 28
\BOOKMARK [4][]{paragraph.2.1.1.1.1}{\376\377\000S\000p\000a\000c\000i\000n\000g\000\040\000o\000f\000\040\000M\000e\000a\000s\000u\000r\000e\000m\000e\000n\000t\000s}{subsubsection.2.1.1.1}% 29
\BOOKMARK [4][]{paragraph.2.1.1.1.2}{\376\377\000N\000u\000m\000b\000e\000r\000\040\000o\000f\000\040\000M\000e\000a\000s\000u\000r\000e\000m\000e\000n\000t\000s}{subsubsection.2.1.1.1}% 30
\BOOKMARK [4][]{paragraph.2.1.1.1.3}{\376\377\000P\000o\000p\000u\000l\000a\000t\000i\000o\000n\000\040\000V\000a\000l\000u\000e\000s\000\040\000S\000e\000t\000\040\000f\000o\000r\000\040\000T\000h\000e\000\040\000F\000i\000x\000e\000d\000-\000E\000f\000f\000e\000c\000t\000\040\000D\000a\000y\000s\000-\000t\000o\000-\000H\000a\000l\000f\000w\000a\000y\000\040\000E\000l\000e\000v\000a\000t\000i\000o\000n\000\040\000P\000a\000r\000a\000m\000e\000t\000e\000r\000\040\000\134\000u\000p\000b\000e\000t\000a\000\137\000\173\000f\000i\000x\000e\000d\000\175\000\040\000\050\000N\000a\000t\000u\000r\000e\000\040\000o\000f\000\040\000C\000h\000a\000n\000g\000e\000\051}{subsubsection.2.1.1.1}% 31
\BOOKMARK [3][]{subsubsection.2.1.1.2}{\376\377\000C\000o\000n\000s\000t\000a\000n\000t\000s}{subsection.2.1.1}% 32
\BOOKMARK [3][]{subsubsection.2.1.1.3}{\376\377\000D\000e\000p\000e\000n\000d\000e\000n\000t\000\040\000V\000a\000r\000i\000a\000b\000l\000e\000s}{subsection.2.1.1}% 33
\BOOKMARK [4][]{paragraph.2.1.1.3.1}{\376\377\000C\000o\000n\000v\000e\000r\000g\000e\000n\000c\000e\000\040\000S\000u\000c\000c\000e\000s\000s\000\040\000R\000a\000t\000e}{subsubsection.2.1.1.3}% 34
\BOOKMARK [4][]{paragraph.2.1.1.3.2}{\376\377\000B\000i\000a\000s}{subsubsection.2.1.1.3}% 35
\BOOKMARK [4][]{paragraph.2.1.1.3.3}{\376\377\000P\000r\000e\000c\000i\000s\000i\000o\000n}{subsubsection.2.1.1.3}% 36
\BOOKMARK [2][]{subsection.2.1.2}{\376\377\000O\000v\000e\000r\000v\000i\000e\000w\000\040\000o\000f\000\040\000D\000a\000t\000a\000\040\000G\000e\000n\000e\000r\000a\000t\000i\000o\000n}{section.2.1}% 37
\BOOKMARK [3][]{subsubsection.2.1.2.1}{\376\377\000D\000a\000t\000a\000\040\000G\000e\000n\000e\000r\000a\000t\000i\000o\000n}{subsection.2.1.2}% 38
\BOOKMARK [4][]{paragraph.2.1.2.1.1}{\376\377\000F\000u\000n\000c\000t\000i\000o\000n\000\040\000U\000s\000e\000d\000\040\000t\000o\000\040\000G\000e\000n\000e\000r\000a\000t\000e\000\040\000E\000a\000c\000h\000\040\000D\000a\000t\000a\000\040\000S\000e\000t}{subsubsection.2.1.2.1}% 39
\BOOKMARK [4][]{paragraph.2.1.2.1.2}{\376\377\000P\000o\000p\000u\000l\000a\000t\000i\000o\000n\000\040\000V\000a\000l\000u\000e\000s\000\040\000U\000s\000e\000d\000\040\000f\000o\000r\000\040\000F\000u\000n\000c\000t\000i\000o\000n\000\040\000P\000a\000r\000a\000m\000e\000t\000e\000r\000s}{subsubsection.2.1.2.1}% 40
\BOOKMARK [2][]{subsection.2.1.3}{\376\377\000M\000o\000d\000e\000l\000l\000i\000n\000g\000\040\000o\000f\000\040\000E\000a\000c\000h\000\040\000G\000e\000n\000e\000r\000a\000t\000e\000d\000\040\000D\000a\000t\000a\000\040\000S\000e\000t}{section.2.1}% 41
\BOOKMARK [2][]{subsection.2.1.4}{\376\377\000A\000n\000a\000l\000y\000s\000i\000s\000\040\000o\000f\000\040\000D\000a\000t\000a\000\040\000M\000o\000d\000e\000l\000l\000i\000n\000g\000\040\000O\000u\000t\000p\000u\000t\000\040\000a\000n\000d\000\040\000A\000c\000c\000o\000m\000p\000a\000n\000y\000i\000n\000g\000\040\000V\000i\000s\000u\000a\000l\000i\000z\000a\000t\000i\000o\000n\000s}{section.2.1}% 42
\BOOKMARK [3][]{subsubsection.2.1.4.1}{\376\377\000A\000n\000a\000l\000y\000s\000i\000s\000\040\000o\000f\000\040\000C\000o\000n\000v\000e\000r\000g\000e\000n\000c\000e\000\040\000S\000u\000c\000c\000e\000s\000s\000\040\000R\000a\000t\000e}{subsection.2.1.4}% 43
\BOOKMARK [3][]{subsubsection.2.1.4.2}{\376\377\000A\000n\000a\000l\000y\000s\000i\000s\000\040\000a\000n\000d\000\040\000V\000i\000s\000u\000a\000l\000i\000z\000a\000t\000i\000o\000n\000\040\000o\000f\000\040\000B\000i\000a\000s}{subsection.2.1.4}% 44
\BOOKMARK [3][]{subsubsection.2.1.4.3}{\376\377\000A\000n\000a\000l\000y\000s\000i\000s\000\040\000a\000n\000d\000\040\000V\000i\000s\000u\000a\000l\000i\000z\000a\000t\000i\000o\000n\000\040\000o\000f\000\040\000P\000r\000e\000c\000i\000s\000i\000o\000n}{subsection.2.1.4}% 45
\BOOKMARK [4][]{paragraph.2.1.4.3.1}{\376\377\000E\000f\000f\000e\000c\000t\000\040\000S\000i\000z\000e\000\040\000C\000o\000m\000p\000u\000t\000a\000t\000i\000o\000n\000\040\000f\000o\000r\000\040\000P\000r\000e\000c\000i\000s\000i\000o\000n}{subsubsection.2.1.4.3}% 46
\BOOKMARK [1][]{section.2.2}{\376\377\000R\000e\000s\000u\000l\000t\000s\000\040\000a\000n\000d\000\040\000D\000i\000s\000c\000u\000s\000s\000i\000o\000n}{chapter.2}% 47
\BOOKMARK [2][]{subsection.2.2.1}{\376\377\000F\000r\000a\000m\000e\000w\000o\000r\000k\000\040\000f\000o\000r\000\040\000I\000n\000t\000e\000r\000p\000r\000e\000t\000i\000n\000g\000\040\000R\000e\000s\000u\000l\000t\000s}{section.2.2}% 48
\BOOKMARK [2][]{subsection.2.2.2}{\376\377\000P\000r\000e\000-\000P\000r\000o\000c\000e\000s\000s\000i\000n\000g\000\040\000o\000f\000\040\000D\000a\000t\000a\000\040\000a\000n\000d\000\040\000M\000o\000d\000e\000l\000\040\000C\000o\000n\000v\000e\000r\000g\000e\000n\000c\000e}{section.2.2}% 49
\BOOKMARK [2][]{subsection.2.2.3}{\376\377\000E\000q\000u\000a\000l\000\040\000S\000p\000a\000c\000i\000n\000g}{section.2.2}% 50
\BOOKMARK [3][]{subsubsection.2.2.3.1}{\376\377\000N\000a\000t\000u\000r\000e\000\040\000o\000f\000\040\000C\000h\000a\000n\000g\000e\000\040\000T\000h\000a\000t\000\040\000L\000e\000a\000d\000s\000\040\000t\000o\000\040\000H\000i\000g\000h\000e\000s\000t\000\040\000M\000o\000d\000e\000l\000l\000i\000n\000g\000\040\000A\000c\000c\000u\000r\000a\000c\000y}{subsection.2.2.3}% 51
\BOOKMARK [3][]{subsubsection.2.2.3.2}{\376\377\000B\000i\000a\000s}{subsection.2.2.3}% 52
\BOOKMARK [3][]{subsubsection.2.2.3.3}{\376\377\000P\000r\000e\000c\000i\000s\000i\000o\000n}{subsection.2.2.3}% 53
\BOOKMARK [3][]{subsubsection.2.2.3.4}{\376\377\000Q\000u\000a\000l\000i\000t\000a\000t\000i\000v\000e\000\040\000D\000e\000s\000c\000r\000i\000p\000t\000i\000o\000n}{subsection.2.2.3}% 54
\BOOKMARK [3][]{subsubsection.2.2.3.5}{\376\377\000S\000u\000m\000m\000a\000r\000y\000\040\000o\000f\000\040\000R\000e\000s\000u\000l\000t\000s}{subsection.2.2.3}% 55
\BOOKMARK [2][]{subsection.2.2.4}{\376\377\000T\000i\000m\000e\000-\000I\000n\000t\000e\000r\000v\000a\000l\000\040\000I\000n\000c\000r\000e\000a\000s\000i\000n\000g\000\040\000S\000p\000a\000c\000i\000n\000g}{section.2.2}% 56
\BOOKMARK [3][]{subsubsection.2.2.4.1}{\376\377\000N\000a\000t\000u\000r\000e\000\040\000o\000f\000\040\000C\000h\000a\000n\000g\000e\000\040\000T\000h\000a\000t\000\040\000L\000e\000a\000d\000s\000\040\000t\000o\000\040\000H\000i\000g\000h\000e\000s\000t\000\040\000M\000o\000d\000e\000l\000l\000i\000n\000g\000\040\000A\000c\000c\000u\000r\000a\000c\000y}{subsection.2.2.4}% 57
\BOOKMARK [3][]{subsubsection.2.2.4.2}{\376\377\000B\000i\000a\000s}{subsection.2.2.4}% 58
\BOOKMARK [3][]{subsubsection.2.2.4.3}{\376\377\000P\000r\000e\000c\000i\000s\000i\000o\000n}{subsection.2.2.4}% 59
\BOOKMARK [3][]{subsubsection.2.2.4.4}{\376\377\000Q\000u\000a\000l\000i\000t\000a\000t\000i\000v\000e\000\040\000D\000e\000s\000c\000r\000i\000p\000t\000i\000o\000n}{subsection.2.2.4}% 60
\BOOKMARK [3][]{subsubsection.2.2.4.5}{\376\377\000S\000u\000m\000m\000a\000r\000y\000\040\000o\000f\000\040\000R\000e\000s\000u\000l\000t\000s}{subsection.2.2.4}% 61
\BOOKMARK [2][]{subsection.2.2.5}{\376\377\000T\000i\000m\000e\000-\000I\000n\000t\000e\000r\000v\000a\000l\000\040\000D\000e\000c\000r\000e\000a\000s\000i\000n\000g\000\040\000S\000p\000a\000c\000i\000n\000g}{section.2.2}% 62
\BOOKMARK [3][]{subsubsection.2.2.5.1}{\376\377\000N\000a\000t\000u\000r\000e\000\040\000o\000f\000\040\000C\000h\000a\000n\000g\000e\000\040\000T\000h\000a\000t\000\040\000L\000e\000a\000d\000s\000\040\000t\000o\000\040\000H\000i\000g\000h\000e\000s\000t\000\040\000M\000o\000d\000e\000l\000l\000i\000n\000g\000\040\000A\000c\000c\000u\000r\000a\000c\000y}{subsection.2.2.5}% 63
\BOOKMARK [3][]{subsubsection.2.2.5.2}{\376\377\000B\000i\000a\000s}{subsection.2.2.5}% 64
\BOOKMARK [3][]{subsubsection.2.2.5.3}{\376\377\000P\000r\000e\000c\000i\000s\000i\000o\000n}{subsection.2.2.5}% 65
\BOOKMARK [3][]{subsubsection.2.2.5.4}{\376\377\000Q\000u\000a\000l\000i\000t\000a\000t\000i\000v\000e\000\040\000D\000e\000s\000c\000r\000i\000p\000t\000i\000o\000n}{subsection.2.2.5}% 66
\BOOKMARK [3][]{subsubsection.2.2.5.5}{\376\377\000S\000u\000m\000m\000a\000r\000y\000\040\000o\000f\000\040\000R\000e\000s\000u\000l\000t\000s}{subsection.2.2.5}% 67
\BOOKMARK [2][]{subsection.2.2.6}{\376\377\000M\000i\000d\000d\000l\000e\000-\000a\000n\000d\000-\000E\000x\000t\000r\000e\000m\000e\000\040\000S\000p\000a\000c\000i\000n\000g}{section.2.2}% 68
\BOOKMARK [3][]{subsubsection.2.2.6.1}{\376\377\000N\000a\000t\000u\000r\000e\000\040\000o\000f\000\040\000C\000h\000a\000n\000g\000e\000\040\000T\000h\000a\000t\000\040\000L\000e\000a\000d\000s\000\040\000t\000o\000\040\000H\000i\000g\000h\000e\000s\000t\000\040\000M\000o\000d\000e\000l\000l\000i\000n\000g\000\040\000A\000c\000c\000u\000r\000a\000c\000y}{subsection.2.2.6}% 69
\BOOKMARK [3][]{subsubsection.2.2.6.2}{\376\377\000B\000i\000a\000s}{subsection.2.2.6}% 70
\BOOKMARK [3][]{subsubsection.2.2.6.3}{\376\377\000P\000r\000e\000c\000i\000s\000i\000o\000n}{subsection.2.2.6}% 71
\BOOKMARK [3][]{subsubsection.2.2.6.4}{\376\377\000Q\000u\000a\000l\000i\000t\000a\000t\000i\000v\000e\000\040\000D\000e\000s\000c\000r\000i\000p\000t\000i\000o\000n}{subsection.2.2.6}% 72
\BOOKMARK [3][]{subsubsection.2.2.6.5}{\376\377\000S\000u\000m\000m\000a\000r\000y\000\040\000o\000f\000\040\000R\000e\000s\000u\000l\000t\000s}{subsection.2.2.6}% 73
\BOOKMARK [2][]{subsection.2.2.7}{\376\377\000A\000d\000d\000r\000e\000s\000s\000i\000n\000g\000\040\000M\000y\000\040\000R\000e\000s\000e\000a\000r\000c\000h\000\040\000Q\000u\000e\000s\000t\000i\000o\000n\000s}{section.2.2}% 74
\BOOKMARK [3][]{subsubsection.2.2.7.1}{\376\377\000W\000h\000e\000n\000\040\000t\000h\000e\000\040\000N\000a\000t\000u\000r\000e\000\040\000o\000f\000\040\000C\000h\000a\000n\000g\000e\000\040\000i\000s\000\040\000S\000u\000s\000p\000e\000c\000t\000e\000d\000,\000\040\000H\000o\000w\000\040\000S\000h\000o\000u\000l\000d\000\040\000M\000e\000a\000s\000u\000r\000e\000m\000e\000n\000t\000s\000\040\000b\000e\000\040\000S\000p\000a\000c\000e\000d\000?}{subsection.2.2.7}% 75
\BOOKMARK [3][]{subsubsection.2.2.7.2}{\376\377\000W\000h\000e\000n\000\040\000t\000h\000e\000\040\000N\000a\000t\000u\000r\000e\000\040\000o\000f\000\040\000C\000h\000a\000n\000g\000e\000\040\000i\000s\000\040\000U\000n\000k\000n\000o\000w\000n\000,\000\040\000H\000o\000w\000\040\000S\000h\000o\000u\000l\000d\000\040\000M\000e\000a\000s\000u\000r\000e\000m\000e\000n\000t\000s\000\040\000b\000e\000\040\000S\000p\000a\000c\000e\000d\000?}{subsection.2.2.7}% 76
\BOOKMARK [1][]{section.2.3}{\376\377\000S\000u\000m\000m\000a\000r\000y\000\040\000o\000f\000\040\000E\000x\000p\000e\000r\000i\000m\000e\000n\000t\000\040\0001}{chapter.2}% 77
\BOOKMARK [0][]{chapter.3}{\376\377\000E\000x\000p\000e\000r\000i\000m\000e\000n\000t\000\040\0002}{}% 78
\BOOKMARK [1][]{section.3.1}{\376\377\000M\000e\000t\000h\000o\000d\000s}{chapter.3}% 79
\BOOKMARK [2][]{subsection.3.1.1}{\376\377\000V\000a\000r\000i\000a\000b\000l\000e\000s\000\040\000U\000s\000e\000d\000\040\000i\000n\000\040\000S\000i\000m\000u\000l\000a\000t\000i\000o\000n\000\040\000E\000x\000p\000e\000r\000i\000m\000e\000n\000t}{section.3.1}% 80
\BOOKMARK [3][]{subsubsection.3.1.1.1}{\376\377\000I\000n\000d\000e\000p\000e\000n\000d\000e\000n\000t\000\040\000V\000a\000r\000i\000a\000b\000l\000e\000s}{subsection.3.1.1}% 81
\BOOKMARK [4][]{paragraph.3.1.1.1.1}{\376\377\000S\000p\000a\000c\000i\000n\000g\000\040\000o\000f\000\040\000M\000e\000a\000s\000u\000r\000e\000m\000e\000n\000t\000s}{subsubsection.3.1.1.1}% 82
\BOOKMARK [4][]{paragraph.3.1.1.1.2}{\376\377\000N\000u\000m\000b\000e\000r\000\040\000o\000f\000\040\000M\000e\000a\000s\000u\000r\000e\000m\000e\000n\000t\000s}{subsubsection.3.1.1.1}% 83
\BOOKMARK [4][]{paragraph.3.1.1.1.3}{\376\377\000S\000a\000m\000p\000l\000e\000\040\000S\000i\000z\000e}{subsubsection.3.1.1.1}% 84
\BOOKMARK [3][]{subsubsection.3.1.1.2}{\376\377\000C\000o\000n\000s\000t\000a\000n\000t\000s}{subsection.3.1.1}% 85
\BOOKMARK [3][]{subsubsection.3.1.1.3}{\376\377\000D\000e\000p\000e\000n\000d\000e\000n\000t\000\040\000V\000a\000r\000i\000a\000b\000l\000e\000s}{subsection.3.1.1}% 86
\BOOKMARK [4][]{paragraph.3.1.1.3.1}{\376\377\000C\000o\000n\000v\000e\000r\000g\000e\000n\000c\000e\000\040\000S\000u\000c\000c\000e\000s\000s\000\040\000R\000a\000t\000e}{subsubsection.3.1.1.3}% 87
\BOOKMARK [4][]{paragraph.3.1.1.3.2}{\376\377\000B\000i\000a\000s}{subsubsection.3.1.1.3}% 88
\BOOKMARK [4][]{paragraph.3.1.1.3.3}{\376\377\000P\000r\000e\000c\000i\000s\000i\000o\000n}{subsubsection.3.1.1.3}% 89
\BOOKMARK [2][]{subsection.3.1.2}{\376\377\000O\000v\000e\000r\000v\000i\000e\000w\000\040\000o\000f\000\040\000D\000a\000t\000a\000\040\000G\000e\000n\000e\000r\000a\000t\000i\000o\000n}{section.3.1}% 90
\BOOKMARK [2][]{subsection.3.1.3}{\376\377\000M\000o\000d\000e\000l\000l\000i\000n\000g\000\040\000o\000f\000\040\000E\000a\000c\000h\000\040\000G\000e\000n\000e\000r\000a\000t\000e\000d\000\040\000D\000a\000t\000a\000\040\000S\000e\000t}{section.3.1}% 91
\BOOKMARK [2][]{subsection.3.1.4}{\376\377\000A\000n\000a\000l\000y\000s\000i\000s\000\040\000o\000f\000\040\000D\000a\000t\000a\000\040\000M\000o\000d\000e\000l\000l\000i\000n\000g\000\040\000O\000u\000t\000p\000u\000t\000\040\000a\000n\000d\000\040\000A\000c\000c\000o\000m\000p\000a\000n\000y\000i\000n\000g\000\040\000V\000i\000s\000u\000a\000l\000i\000z\000a\000t\000i\000o\000n\000s}{section.3.1}% 92
\BOOKMARK [1][]{section.3.2}{\376\377\000R\000e\000s\000u\000l\000t\000s\000\040\000a\000n\000d\000\040\000D\000i\000s\000c\000u\000s\000s\000i\000o\000n}{chapter.3}% 93
\BOOKMARK [2][]{subsection.3.2.1}{\376\377\000F\000r\000a\000m\000e\000w\000o\000r\000k\000\040\000f\000o\000r\000\040\000I\000n\000t\000e\000r\000p\000r\000e\000t\000i\000n\000g\000\040\000R\000e\000s\000u\000l\000t\000s}{section.3.2}% 94
\BOOKMARK [2][]{subsection.3.2.2}{\376\377\000P\000r\000e\000-\000P\000r\000o\000c\000e\000s\000s\000i\000n\000g\000\040\000o\000f\000\040\000D\000a\000t\000a\000\040\000a\000n\000d\000\040\000M\000o\000d\000e\000l\000\040\000C\000o\000n\000v\000e\000r\000g\000e\000n\000c\000e}{section.3.2}% 95
\BOOKMARK [2][]{subsection.3.2.3}{\376\377\000E\000q\000u\000a\000l\000\040\000S\000p\000a\000c\000i\000n\000g}{section.3.2}% 96
\BOOKMARK [3][]{subsubsection.3.2.3.1}{\376\377\000B\000i\000a\000s}{subsection.3.2.3}% 97
\BOOKMARK [3][]{subsubsection.3.2.3.2}{\376\377\000P\000r\000e\000c\000i\000s\000i\000o\000n}{subsection.3.2.3}% 98
\BOOKMARK [3][]{subsubsection.3.2.3.3}{\376\377\000Q\000u\000a\000l\000i\000t\000a\000t\000i\000v\000e\000\040\000D\000e\000s\000c\000r\000i\000p\000t\000i\000o\000n}{subsection.3.2.3}% 99
\BOOKMARK [3][]{subsubsection.3.2.3.4}{\376\377\000S\000u\000m\000m\000a\000r\000y\000\040\000o\000f\000\040\000R\000e\000s\000u\000l\000t\000s}{subsection.3.2.3}% 100
\BOOKMARK [2][]{subsection.3.2.4}{\376\377\000T\000i\000m\000e\000-\000I\000n\000t\000e\000r\000v\000a\000l\000\040\000I\000n\000c\000r\000e\000a\000s\000i\000n\000g\000\040\000S\000p\000a\000c\000i\000n\000g}{section.3.2}% 101
\BOOKMARK [3][]{paragraph.3.2.4.0.1}{\376\377\000B\000i\000a\000s}{subsection.3.2.4}% 102
\BOOKMARK [4][]{paragraph.3.2.4.0.2}{\376\377\000P\000r\000e\000c\000i\000s\000i\000o\000n}{paragraph.3.2.4.0.1}% 103
\BOOKMARK [4][]{paragraph.3.2.4.0.3}{\376\377\000Q\000u\000a\000l\000i\000t\000a\000t\000i\000v\000e\000\040\000D\000e\000s\000c\000r\000i\000p\000t\000i\000o\000n}{paragraph.3.2.4.0.1}% 104
\BOOKMARK [3][]{subsubsection.3.2.4.1}{\376\377\000S\000u\000m\000m\000a\000r\000y\000\040\000o\000f\000\040\000R\000e\000s\000u\000l\000t\000s}{subsection.3.2.4}% 105
\BOOKMARK [2][]{subsection.3.2.5}{\376\377\000T\000i\000m\000e\000-\000I\000n\000t\000e\000r\000v\000a\000l\000\040\000D\000e\000c\000r\000e\000a\000s\000i\000n\000g\000\040\000S\000p\000a\000c\000i\000n\000g}{section.3.2}% 106
\BOOKMARK [3][]{subsubsection.3.2.5.1}{\376\377\000B\000i\000a\000s}{subsection.3.2.5}% 107
\BOOKMARK [3][]{subsubsection.3.2.5.2}{\376\377\000P\000r\000e\000c\000i\000s\000i\000o\000n}{subsection.3.2.5}% 108
\BOOKMARK [3][]{subsubsection.3.2.5.3}{\376\377\000Q\000u\000a\000l\000i\000t\000a\000t\000i\000v\000e\000\040\000D\000e\000s\000c\000r\000i\000p\000t\000i\000o\000n}{subsection.3.2.5}% 109
\BOOKMARK [3][]{subsubsection.3.2.5.4}{\376\377\000S\000u\000m\000m\000a\000r\000y\000\040\000o\000f\000\040\000R\000e\000s\000u\000l\000t\000s}{subsection.3.2.5}% 110
\BOOKMARK [2][]{subsection.3.2.6}{\376\377\000M\000i\000d\000d\000l\000e\000-\000a\000n\000d\000-\000E\000x\000t\000r\000e\000m\000e\000\040\000S\000p\000a\000c\000i\000n\000g}{section.3.2}% 111
\BOOKMARK [3][]{paragraph.3.2.6.0.1}{\376\377\000B\000i\000a\000s}{subsection.3.2.6}% 112
\BOOKMARK [4][]{paragraph.3.2.6.0.2}{\376\377\000P\000r\000e\000c\000i\000s\000i\000o\000n}{paragraph.3.2.6.0.1}% 113
\BOOKMARK [4][]{paragraph.3.2.6.0.3}{\376\377\000Q\000u\000a\000l\000i\000t\000a\000t\000i\000v\000e\000\040\000D\000e\000s\000c\000r\000i\000p\000t\000i\000o\000n}{paragraph.3.2.6.0.1}% 114
\BOOKMARK [3][]{subsubsection.3.2.6.1}{\376\377\000S\000u\000m\000m\000a\000r\000y\000\040\000o\000f\000\040\000R\000e\000s\000u\000l\000t\000s}{subsection.3.2.6}% 115
\BOOKMARK [1][]{section.3.3}{\376\377\000W\000h\000a\000t\000\040\000M\000e\000a\000s\000u\000r\000e\000m\000e\000n\000t\000\040\000N\000u\000m\000b\000e\000r\000-\000S\000a\000m\000p\000l\000e\000\040\000S\000i\000z\000e\000\040\000P\000a\000i\000r\000i\000n\000g\000s\000\040\000S\000h\000o\000u\000l\000d\000\040\000b\000e\000\040\000U\000s\000e\000d\000\040\000W\000i\000t\000h\000\040\000E\000a\000c\000h\000\040\000S\000p\000a\000c\000i\000n\000g\000\040\000S\000c\000h\000e\000d\000u\000l\000e\000?}{chapter.3}% 116
\BOOKMARK [0][]{chapter.4}{\376\377\000E\000x\000p\000e\000r\000i\000m\000e\000n\000t\000\040\0003}{}% 117
\BOOKMARK [1][]{section.4.1}{\376\377\000M\000e\000t\000h\000o\000d\000s}{chapter.4}% 118
\BOOKMARK [2][]{subsection.4.1.1}{\376\377\000V\000a\000r\000i\000a\000b\000l\000e\000s\000\040\000U\000s\000e\000d\000\040\000i\000n\000\040\000S\000i\000m\000u\000l\000a\000t\000i\000o\000n\000\040\000E\000x\000p\000e\000r\000i\000m\000e\000n\000t}{section.4.1}% 119
\BOOKMARK [3][]{subsubsection.4.1.1.1}{\376\377\000I\000n\000d\000e\000p\000e\000n\000d\000e\000n\000t\000\040\000V\000a\000r\000i\000a\000b\000l\000e\000s}{subsection.4.1.1}% 120
\BOOKMARK [4][]{paragraph.4.1.1.1.1}{\376\377\000N\000u\000m\000b\000e\000r\000\040\000o\000f\000\040\000M\000e\000a\000s\000u\000r\000e\000m\000e\000n\000t\000s}{subsubsection.4.1.1.1}% 121
\BOOKMARK [4][]{paragraph.4.1.1.1.2}{\376\377\000S\000a\000m\000p\000l\000e\000\040\000S\000i\000z\000e}{subsubsection.4.1.1.1}% 122
\BOOKMARK [4][]{paragraph.4.1.1.1.3}{\376\377\000T\000i\000m\000e\000\040\000S\000t\000r\000u\000c\000t\000u\000r\000e\000d\000n\000e\000s\000s\000\173\000t\000i\000m\000e\000-\000s\000t\000r\000u\000c\000t\000u\000r\000e\000d\000n\000e\000s\000s\000\175}{subsubsection.4.1.1.1}% 123
\BOOKMARK [3][]{subsubsection.4.1.1.2}{\376\377\000C\000o\000n\000s\000t\000a\000n\000t\000s}{subsection.4.1.1}% 124
\BOOKMARK [3][]{subsubsection.4.1.1.3}{\376\377\000D\000e\000p\000e\000n\000d\000e\000n\000t\000\040\000V\000a\000r\000i\000a\000b\000l\000e\000s}{subsection.4.1.1}% 125
\BOOKMARK [4][]{paragraph.4.1.1.3.1}{\376\377\000C\000o\000n\000v\000e\000r\000g\000e\000n\000c\000e\000\040\000S\000u\000c\000c\000e\000s\000s\000\040\000R\000a\000t\000e}{subsubsection.4.1.1.3}% 126
\BOOKMARK [4][]{paragraph.4.1.1.3.2}{\376\377\000B\000i\000a\000s}{subsubsection.4.1.1.3}% 127
\BOOKMARK [4][]{paragraph.4.1.1.3.3}{\376\377\000P\000r\000e\000c\000i\000s\000i\000o\000n}{subsubsection.4.1.1.3}% 128
\BOOKMARK [2][]{subsection.4.1.2}{\376\377\000O\000v\000e\000r\000v\000i\000e\000w\000\040\000o\000f\000\040\000D\000a\000t\000a\000\040\000G\000e\000n\000e\000r\000a\000t\000i\000o\000n}{section.4.1}% 129
\BOOKMARK [3][]{paragraph.4.1.2.0.1}{\376\377\000S\000i\000m\000u\000l\000a\000t\000i\000o\000n\000\040\000P\000r\000o\000c\000e\000d\000u\000r\000e\000\040\000f\000o\000r\000\040\000T\000i\000m\000e\000\040\000S\000t\000r\000u\000c\000t\000u\000r\000e\000d\000n\000e\000s\000s}{subsection.4.1.2}% 130
\BOOKMARK [2][]{subsection.4.1.3}{\376\377\000M\000o\000d\000e\000l\000l\000i\000n\000g\000\040\000o\000f\000\040\000E\000a\000c\000h\000\040\000G\000e\000n\000e\000r\000a\000t\000e\000d\000\040\000D\000a\000t\000a\000\040\000S\000e\000t}{section.4.1}% 131
\BOOKMARK [2][]{subsection.4.1.4}{\376\377\000A\000n\000a\000l\000y\000s\000i\000s\000\040\000o\000f\000\040\000D\000a\000t\000a\000\040\000M\000o\000d\000e\000l\000l\000i\000n\000g\000\040\000O\000u\000t\000p\000u\000t\000\040\000a\000n\000d\000\040\000A\000c\000c\000o\000m\000p\000a\000n\000y\000i\000n\000g\000\040\000V\000i\000s\000u\000a\000l\000i\000z\000a\000t\000i\000o\000n\000s}{section.4.1}% 132
\BOOKMARK [1][]{section.4.2}{\376\377\000R\000e\000s\000u\000l\000t\000s\000\040\000a\000n\000d\000\040\000D\000i\000s\000c\000u\000s\000s\000i\000o\000n}{chapter.4}% 133
\BOOKMARK [2][]{subsection.4.2.1}{\376\377\000P\000r\000e\000-\000P\000r\000o\000c\000e\000s\000s\000i\000n\000g\000\040\000o\000f\000\040\000D\000a\000t\000a\000\040\000a\000n\000d\000\040\000M\000o\000d\000e\000l\000\040\000C\000o\000n\000v\000e\000r\000g\000e\000n\000c\000e}{section.4.2}% 134
\BOOKMARK [2][]{subsection.4.2.2}{\376\377\000T\000i\000m\000e\000-\000S\000t\000r\000u\000c\000t\000u\000r\000e\000d\000\040\000D\000a\000t\000a}{section.4.2}% 135
\BOOKMARK [3][]{paragraph.4.2.2.0.1}{\376\377\000B\000i\000a\000s}{subsection.4.2.2}% 136
\BOOKMARK [4][]{paragraph.4.2.2.0.2}{\376\377\000P\000r\000e\000c\000i\000s\000i\000o\000n}{paragraph.4.2.2.0.1}% 137
\BOOKMARK [4][]{paragraph.4.2.2.0.3}{\376\377\000Q\000u\000a\000l\000i\000t\000a\000t\000i\000v\000e\000\040\000D\000e\000s\000c\000r\000i\000p\000t\000i\000o\000n}{paragraph.4.2.2.0.1}% 138
\BOOKMARK [3][]{subsubsection.4.2.2.1}{\376\377\000S\000u\000m\000m\000a\000r\000y\000\040\000o\000f\000\040\000R\000e\000s\000u\000l\000t\000s}{subsection.4.2.2}% 139
\BOOKMARK [2][]{subsection.4.2.3}{\376\377\000T\000i\000m\000e\000-\000U\000n\000s\000t\000r\000u\000c\000t\000u\000r\000e\000d\000\040\000D\000a\000t\000a\000\040\000C\000h\000a\000r\000a\000c\000t\000e\000r\000i\000z\000e\000d\000\040\000b\000y\000\040\000a\000\040\000F\000a\000s\000t\000\040\000R\000e\000s\000p\000o\000n\000s\000e\000\040\000R\000a\000t\000e}{section.4.2}% 140
\BOOKMARK [3][]{paragraph.4.2.3.0.1}{\376\377\000B\000i\000a\000s}{subsection.4.2.3}% 141
\BOOKMARK [4][]{paragraph.4.2.3.0.2}{\376\377\000P\000r\000e\000c\000i\000s\000i\000o\000n}{paragraph.4.2.3.0.1}% 142
\BOOKMARK [4][]{paragraph.4.2.3.0.3}{\376\377\000Q\000u\000a\000l\000i\000t\000a\000t\000i\000v\000e\000\040\000D\000e\000s\000c\000r\000i\000p\000t\000i\000o\000n}{paragraph.4.2.3.0.1}% 143
\BOOKMARK [3][]{subsubsection.4.2.3.1}{\376\377\000S\000u\000m\000m\000a\000r\000y\000\040\000o\000f\000\040\000R\000e\000s\000u\000l\000t\000s}{subsection.4.2.3}% 144
\BOOKMARK [2][]{subsection.4.2.4}{\376\377\000T\000i\000m\000e\000-\000U\000n\000s\000t\000r\000u\000c\000t\000u\000r\000e\000d\000\040\000D\000a\000t\000a\000\040\000C\000h\000a\000r\000a\000c\000t\000e\000r\000i\000z\000e\000d\000\040\000b\000y\000\040\000a\000\040\000S\000l\000o\000w\000\040\000R\000e\000s\000p\000o\000n\000s\000e\000\040\000R\000a\000t\000e}{section.4.2}% 145
\BOOKMARK [3][]{paragraph.4.2.4.0.1}{\376\377\000B\000i\000a\000s}{subsection.4.2.4}% 146
\BOOKMARK [4][]{paragraph.4.2.4.0.2}{\376\377\000P\000r\000e\000c\000i\000s\000i\000o\000n}{paragraph.4.2.4.0.1}% 147
\BOOKMARK [4][]{paragraph.4.2.4.0.3}{\376\377\000Q\000u\000a\000l\000i\000t\000a\000t\000i\000v\000e\000\040\000D\000e\000s\000c\000r\000i\000p\000t\000i\000o\000n}{paragraph.4.2.4.0.1}% 148
\BOOKMARK [3][]{subsubsection.4.2.4.1}{\376\377\000S\000u\000m\000m\000a\000r\000y\000\040\000o\000f\000\040\000R\000e\000s\000u\000l\000t\000s}{subsection.4.2.4}% 149
\BOOKMARK [2][]{subsection.4.2.5}{\376\377\000H\000o\000w\000\040\000D\000o\000e\000s\000\040\000T\000i\000m\000e\000\040\000S\000t\000r\000u\000c\000t\000u\000r\000e\000d\000n\000e\000s\000s\000\040\000A\000f\000f\000e\000c\000t\000\040\000M\000o\000d\000e\000l\000l\000i\000n\000g\000\040\000A\000c\000c\000u\000r\000a\000c\000y\000?}{section.4.2}% 150
\BOOKMARK [1][]{section.4.3}{\376\377\000S\000u\000m\000m\000a\000r\000y}{chapter.4}% 151
\BOOKMARK [1][]{section.4.4}{\376\377\000R\000e\000f\000e\000r\000e\000n\000c\000e\000s}{chapter.4}% 152
\BOOKMARK [-1][]{Technical Appendix A: Ergodicity and the Need to Conduct Longitudinal ResearchA.-1}{\376\377\000A\000p\000p\000e\000n\000d\000i\000x\000\040\000A\000:\000\040\000T\000e\000c\000h\000n\000i\000c\000a\000l\000\040\000A\000p\000p\000e\000n\000d\000i\000x\000\040\000A\000:\000\040\000E\000r\000g\000o\000d\000i\000c\000i\000t\000y\000\040\000a\000n\000d\000\040\000t\000h\000e\000\040\000N\000e\000e\000d\000\040\000t\000o\000\040\000C\000o\000n\000d\000u\000c\000t\000\040\000L\000o\000n\000g\000i\000t\000u\000d\000i\000n\000a\000l\000\040\000R\000e\000s\000e\000a\000r\000c\000h}{}% 153
\BOOKMARK [-1][]{Technical Appendix B: Using Nonlinear Function in the Structural Equation Modelling FrameworkB.-1}{\376\377\000A\000p\000p\000e\000n\000d\000i\000x\000\040\000B\000:\000\040\000T\000e\000c\000h\000n\000i\000c\000a\000l\000\040\000A\000p\000p\000e\000n\000d\000i\000x\000\040\000B\000:\000\040\000U\000s\000i\000n\000g\000\040\000N\000o\000n\000l\000i\000n\000e\000a\000r\000\040\000F\000u\000n\000c\000t\000i\000o\000n\000\040\000i\000n\000\040\000t\000h\000e\000\040\000S\000t\000r\000u\000c\000t\000u\000r\000a\000l\000\040\000E\000q\000u\000a\000t\000i\000o\000n\000\040\000M\000o\000d\000e\000l\000l\000i\000n\000g\000\040\000F\000r\000a\000m\000e\000w\000o\000r\000k}{}% 154
\BOOKMARK [0][]{Nonlinear Latent Growth Curve Model Used to Analyze Each Generated Data SetB.1.0.0}{\376\377\000N\000o\000n\000l\000i\000n\000e\000a\000r\000\040\000L\000a\000t\000e\000n\000t\000\040\000G\000r\000o\000w\000t\000h\000\040\000C\000u\000r\000v\000e\000\040\000M\000o\000d\000e\000l\000\040\000U\000s\000e\000d\000\040\000t\000o\000\040\000A\000n\000a\000l\000y\000z\000e\000\040\000E\000a\000c\000h\000\040\000G\000e\000n\000e\000r\000a\000t\000e\000d\000\040\000D\000a\000t\000a\000\040\000S\000e\000t}{Technical Appendix B: Using Nonlinear Function in the Structural Equation Modelling FrameworkB.-1}% 155
\BOOKMARK [1][]{Brief Review of the Latent Growth Curve Model FrameworkB.1.1.1}{\376\377\000B\000r\000i\000e\000f\000\040\000R\000e\000v\000i\000e\000w\000\040\000o\000f\000\040\000t\000h\000e\000\040\000L\000a\000t\000e\000n\000t\000\040\000G\000r\000o\000w\000t\000h\000\040\000C\000u\000r\000v\000e\000\040\000M\000o\000d\000e\000l\000\040\000F\000r\000a\000m\000e\000w\000o\000r\000k}{Nonlinear Latent Growth Curve Model Used to Analyze Each Generated Data SetB.1.0.0}% 156
\BOOKMARK [1][]{Fitting a Nonlinear Function in the Structural Equation Modelling FrameworkB.1.2.1}{\376\377\000F\000i\000t\000t\000i\000n\000g\000\040\000a\000\040\000N\000o\000n\000l\000i\000n\000e\000a\000r\000\040\000F\000u\000n\000c\000t\000i\000o\000n\000\040\000i\000n\000\040\000t\000h\000e\000\040\000S\000t\000r\000u\000c\000t\000u\000r\000a\000l\000\040\000E\000q\000u\000a\000t\000i\000o\000n\000\040\000M\000o\000d\000e\000l\000l\000i\000n\000g\000\040\000F\000r\000a\000m\000e\000w\000o\000r\000k}{Nonlinear Latent Growth Curve Model Used to Analyze Each Generated Data SetB.1.0.0}% 157
\BOOKMARK [2][]{Taylor Series ApproximationsB.1.2.1.2}{\376\377\000T\000a\000y\000l\000o\000r\000\040\000S\000e\000r\000i\000e\000s\000\040\000A\000p\000p\000r\000o\000x\000i\000m\000a\000t\000i\000o\000n\000s}{Fitting a Nonlinear Function in the Structural Equation Modelling FrameworkB.1.2.1}% 158
\BOOKMARK [2][]{Taylor Series Approximation of the Logistic FunctionB.1.2.2.2}{\376\377\000T\000a\000y\000l\000o\000r\000\040\000S\000e\000r\000i\000e\000s\000\040\000A\000p\000p\000r\000o\000x\000i\000m\000a\000t\000i\000o\000n\000\040\000o\000f\000\040\000t\000h\000e\000\040\000L\000o\000g\000i\000s\000t\000i\000c\000\040\000F\000u\000n\000c\000t\000i\000o\000n}{Fitting a Nonlinear Function in the Structural Equation Modelling FrameworkB.1.2.1}% 159
\BOOKMARK [2][]{Fitting the Logistic Taylor Series Approximation Into the Structual Equation Modelling FrameworkB.1.2.3.2}{\376\377\000F\000i\000t\000t\000i\000n\000g\000\040\000t\000h\000e\000\040\000L\000o\000g\000i\000s\000t\000i\000c\000\040\000T\000a\000y\000l\000o\000r\000\040\000S\000e\000r\000i\000e\000s\000\040\000A\000p\000p\000r\000o\000x\000i\000m\000a\000t\000i\000o\000n\000\040\000I\000n\000t\000o\000\040\000t\000h\000e\000\040\000S\000t\000r\000u\000c\000t\000u\000a\000l\000\040\000E\000q\000u\000a\000t\000i\000o\000n\000\040\000M\000o\000d\000e\000l\000l\000i\000n\000g\000\040\000F\000r\000a\000m\000e\000w\000o\000r\000k}{Fitting a Nonlinear Function in the Structural Equation Modelling FrameworkB.1.2.1}% 160
\BOOKMARK [2][]{Estimating Parameters in the Structured Latent Curve Modelling ApproachB.1.2.4.2}{\376\377\000E\000s\000t\000i\000m\000a\000t\000i\000n\000g\000\040\000P\000a\000r\000a\000m\000e\000t\000e\000r\000s\000\040\000i\000n\000\040\000t\000h\000e\000\040\000S\000t\000r\000u\000c\000t\000u\000r\000e\000d\000\040\000L\000a\000t\000e\000n\000t\000\040\000C\000u\000r\000v\000e\000\040\000M\000o\000d\000e\000l\000l\000i\000n\000g\000\040\000A\000p\000p\000r\000o\000a\000c\000h}{Fitting a Nonlinear Function in the Structural Equation Modelling FrameworkB.1.2.1}% 161
\BOOKMARK [-1][]{Procedure for Generating Measurement Schedules Measurement SchedulesMeasurement SchedulesC.-1}{\376\377\000A\000p\000p\000e\000n\000d\000i\000x\000\040\000C\000:\000\040\000P\000r\000o\000c\000e\000d\000u\000r\000e\000\040\000f\000o\000r\000\040\000G\000e\000n\000e\000r\000a\000t\000i\000n\000g\000\040\000M\000e\000a\000s\000u\000r\000e\000m\000e\000n\000t\000\040\000S\000c\000h\000e\000d\000u\000l\000e\000s\000\040\000M\000e\000a\000s\000u\000r\000e\000m\000e\000n\000t\000\040\000S\000c\000h\000e\000d\000u\000l\000e\000s\000M\000e\000a\000s\000u\000r\000e\000m\000e\000n\000t\000\040\000S\000c\000h\000e\000d\000u\000l\000e\000s}{}% 162
\BOOKMARK [0][]{Procedure for Constructing Measurement Schedules With Equal SpacingC.1.0.0}{\376\377\000P\000r\000o\000c\000e\000d\000u\000r\000e\000\040\000f\000o\000r\000\040\000C\000o\000n\000s\000t\000r\000u\000c\000t\000i\000n\000g\000\040\000M\000e\000a\000s\000u\000r\000e\000m\000e\000n\000t\000\040\000S\000c\000h\000e\000d\000u\000l\000e\000s\000\040\000W\000i\000t\000h\000\040\000E\000q\000u\000a\000l\000\040\000S\000p\000a\000c\000i\000n\000g}{Procedure for Generating Measurement Schedules Measurement SchedulesMeasurement SchedulesC.-1}% 163
\BOOKMARK [0][]{Procedure for Constructing Measurement Schedules With Time-Interval Increasing SpacingC.2.0.0}{\376\377\000P\000r\000o\000c\000e\000d\000u\000r\000e\000\040\000f\000o\000r\000\040\000C\000o\000n\000s\000t\000r\000u\000c\000t\000i\000n\000g\000\040\000M\000e\000a\000s\000u\000r\000e\000m\000e\000n\000t\000\040\000S\000c\000h\000e\000d\000u\000l\000e\000s\000\040\000W\000i\000t\000h\000\040\000T\000i\000m\000e\000-\000I\000n\000t\000e\000r\000v\000a\000l\000\040\000I\000n\000c\000r\000e\000a\000s\000i\000n\000g\000\040\000S\000p\000a\000c\000i\000n\000g}{Procedure for Generating Measurement Schedules Measurement SchedulesMeasurement SchedulesC.-1}% 164
\BOOKMARK [0][]{Procedure for Constructing Measurement Schedules With Time-Interval Decreasing SpacingC.3.0.0}{\376\377\000P\000r\000o\000c\000e\000d\000u\000r\000e\000\040\000f\000o\000r\000\040\000C\000o\000n\000s\000t\000r\000u\000c\000t\000i\000n\000g\000\040\000M\000e\000a\000s\000u\000r\000e\000m\000e\000n\000t\000\040\000S\000c\000h\000e\000d\000u\000l\000e\000s\000\040\000W\000i\000t\000h\000\040\000T\000i\000m\000e\000-\000I\000n\000t\000e\000r\000v\000a\000l\000\040\000D\000e\000c\000r\000e\000a\000s\000i\000n\000g\000\040\000S\000p\000a\000c\000i\000n\000g}{Procedure for Generating Measurement Schedules Measurement SchedulesMeasurement SchedulesC.-1}% 165
\BOOKMARK [0][]{Procedure for Constructing Measurement Schedules With Middle-and-Extreme SpacingC.4.0.0}{\376\377\000P\000r\000o\000c\000e\000d\000u\000r\000e\000\040\000f\000o\000r\000\040\000C\000o\000n\000s\000t\000r\000u\000c\000t\000i\000n\000g\000\040\000M\000e\000a\000s\000u\000r\000e\000m\000e\000n\000t\000\040\000S\000c\000h\000e\000d\000u\000l\000e\000s\000\040\000W\000i\000t\000h\000\040\000M\000i\000d\000d\000l\000e\000-\000a\000n\000d\000-\000E\000x\000t\000r\000e\000m\000e\000\040\000S\000p\000a\000c\000i\000n\000g}{Procedure for Generating Measurement Schedules Measurement SchedulesMeasurement SchedulesC.-1}% 166
\BOOKMARK [-1][]{Convergence Success RatesD.-1}{\376\377\000A\000p\000p\000e\000n\000d\000i\000x\000\040\000D\000:\000\040\000C\000o\000n\000v\000e\000r\000g\000e\000n\000c\000e\000\040\000S\000u\000c\000c\000e\000s\000s\000\040\000R\000a\000t\000e\000s}{}% 167
\BOOKMARK [-1][]{Complete Versions of Parameter Estimation Plots (Day- and Likert-Unit Parameters)E.-1}{\376\377\000A\000p\000p\000e\000n\000d\000i\000x\000\040\000E\000:\000\040\000C\000o\000m\000p\000l\000e\000t\000e\000\040\000V\000e\000r\000s\000i\000o\000n\000s\000\040\000o\000f\000\040\000P\000a\000r\000a\000m\000e\000t\000e\000r\000\040\000E\000s\000t\000i\000m\000a\000t\000i\000o\000n\000\040\000P\000l\000o\000t\000s\000\040\000\050\000D\000a\000y\000-\000\040\000a\000n\000d\000\040\000L\000i\000k\000e\000r\000t\000-\000U\000n\000i\000t\000\040\000P\000a\000r\000a\000m\000e\000t\000e\000r\000s\000\051}{}% 168
\BOOKMARK [0][]{Experiment 1E.1.0.0}{\376\377\000E\000x\000p\000e\000r\000i\000m\000e\000n\000t\000\040\0001}{Complete Versions of Parameter Estimation Plots (Day- and Likert-Unit Parameters)E.-1}% 169
\BOOKMARK [1][]{Equal SpacingE.1.1.1}{\376\377\000E\000q\000u\000a\000l\000\040\000S\000p\000a\000c\000i\000n\000g}{Experiment 1E.1.0.0}% 170
\BOOKMARK [1][]{Time-Interval Increasing SpacingE.1.2.1}{\376\377\000T\000i\000m\000e\000-\000I\000n\000t\000e\000r\000v\000a\000l\000\040\000I\000n\000c\000r\000e\000a\000s\000i\000n\000g\000\040\000S\000p\000a\000c\000i\000n\000g}{Experiment 1E.1.0.0}% 171
\BOOKMARK [1][]{Time-Interval Decreasing SpacingE.1.3.1}{\376\377\000T\000i\000m\000e\000-\000I\000n\000t\000e\000r\000v\000a\000l\000\040\000D\000e\000c\000r\000e\000a\000s\000i\000n\000g\000\040\000S\000p\000a\000c\000i\000n\000g}{Experiment 1E.1.0.0}% 172
\BOOKMARK [1][]{Middle-and-Extreme SpacingE.1.4.1}{\376\377\000M\000i\000d\000d\000l\000e\000-\000a\000n\000d\000-\000E\000x\000t\000r\000e\000m\000e\000\040\000S\000p\000a\000c\000i\000n\000g}{Experiment 1E.1.0.0}% 173
\BOOKMARK [0][]{Experiment 1E.2.4.0}{\376\377\000E\000x\000p\000e\000r\000i\000m\000e\000n\000t\000\040\0001}{Complete Versions of Parameter Estimation Plots (Day- and Likert-Unit Parameters)E.-1}% 174
\BOOKMARK [1][]{Equal SpacingE.2.5.1}{\376\377\000E\000q\000u\000a\000l\000\040\000S\000p\000a\000c\000i\000n\000g}{Experiment 1E.2.4.0}% 175
\BOOKMARK [1][]{Time-Interval Increasing SpacingE.2.6.1}{\376\377\000T\000i\000m\000e\000-\000I\000n\000t\000e\000r\000v\000a\000l\000\040\000I\000n\000c\000r\000e\000a\000s\000i\000n\000g\000\040\000S\000p\000a\000c\000i\000n\000g}{Experiment 1E.2.4.0}% 176
\BOOKMARK [1][]{Time-Interval Decreasing SpacingE.2.7.1}{\376\377\000T\000i\000m\000e\000-\000I\000n\000t\000e\000r\000v\000a\000l\000\040\000D\000e\000c\000r\000e\000a\000s\000i\000n\000g\000\040\000S\000p\000a\000c\000i\000n\000g}{Experiment 1E.2.4.0}% 177
\BOOKMARK [1][]{Middle-and-Extreme SpacingE.2.8.1}{\376\377\000M\000i\000d\000d\000l\000e\000-\000a\000n\000d\000-\000E\000x\000t\000r\000e\000m\000e\000\040\000S\000p\000a\000c\000i\000n\000g}{Experiment 1E.2.4.0}% 178
\BOOKMARK [-1][]{Parameter Estimate TablesF.-1}{\376\377\000A\000p\000p\000e\000n\000d\000i\000x\000\040\000F\000:\000\040\000P\000a\000r\000a\000m\000e\000t\000e\000r\000\040\000E\000s\000t\000i\000m\000a\000t\000e\000\040\000T\000a\000b\000l\000e\000s}{}% 179
\BOOKMARK [0][]{Experiment 1F.1.0.0}{\376\377\000E\000x\000p\000e\000r\000i\000m\000e\000n\000t\000\040\0001}{Parameter Estimate TablesF.-1}% 180
